<ShowPlanXML xmlns="http://schemas.microsoft.com/sqlserver/2004/07/showplan" Version="1.0" Build="9.00.3077.00"><BatchSequence><Batch><Statements><StmtSimple StatementText="CREATE PROCEDURE ae_GetResultData3 (@simID INT,  @startPID INT, @endPID INT, @resultID INT)&#xd;&#xa;AS&#xd;&#xa;BEGIN&#xd;&#xa;&#xd;&#xa; SET NOCOUNT ON&#xd;&#xa;&#xd;&#xa;  select  p.positionid,&#xd;&#xa;    s.valueID,&#xd;&#xa;    s.legid,&#xd;&#xa;    plc.currency, --null as currency,&#xd;&#xa;    s.strategyID,&#xd;&#xa;    s.effectiveDate,&#xd;&#xa;    s.valuationDate,&#xd;&#xa;    s.curveID,&#xd;&#xa;    s.maturityPeriod,&#xd;&#xa;    s.ResultValue&#xd;&#xa;                from    ufnSimResultBase(@simID)  s,&#xd;&#xa;   ufnGetPositions(@simID) p&#xd;&#xa;   ,positionlegcurrency plc WITH (NOLOCK)&#xd;&#xa;  where  p.simulationID  = @simID&#xd;&#xa;   and p.positionid between @startPID and @endPID&#xd;&#xa;   and p.positionUID  = s.positionUID&#xd;&#xa;   and  p.positionUID  = plc.positionUID&#xd;&#xa;   and  s.positionUID  = plc.positionUID&#xd;&#xa;   and  s.legid  = plc.legId&#xd;&#xa;   and  s.valueID  = @resultID&#xd;&#xa;&#xd;" StatementId="1" StatementCompId="3" StatementType="SELECT" StatementSubTreeCost="272.939" StatementEstRows="2334.6" StatementOptmLevel="FULL"><QueryPlan CachedPlanSize="151" CompileTime="1517" CompileCPU="598" CompileMemory="2288"><RelOp NodeId="0" PhysicalOp="Parallelism" LogicalOp="Gather Streams" EstimateRows="2334.6" EstimateIO="0" EstimateCPU="0.123151" AvgRowSize="1096" EstimatedTotalSubtreeCost="272.939" Parallel="1" EstimateRebinds="0" EstimateRewinds="0"><OutputList><ColumnReference Column="Union1017"/><ColumnReference Column="Union1018"/><ColumnReference Column="Union1019"/><ColumnReference Column="Union1020"/><ColumnReference Column="Union1021"/><ColumnReference Column="Union1022"/><ColumnReference Column="Union1023"/><ColumnReference Column="Union1024"/><ColumnReference Column="Union1043"/><ColumnReference Database="[RISKWORLD]" Schema="[dbo]" Table="[PositionLegCurrency]" Alias="[plc]" Column="currency"/></OutputList><Parallelism><RelOp NodeId="1" PhysicalOp="Hash Match" LogicalOp="Inner Join" EstimateRows="2334.6" EstimateIO="0" EstimateCPU="0.229953" AvgRowSize="1096" EstimatedTotalSubtreeCost="272.816" Parallel="1" EstimateRebinds="0" EstimateRewinds="0"><OutputList><ColumnReference Column="Union1017"/><ColumnReference Column="Union1018"/><ColumnReference Column="Union1019"/><ColumnReference Column="Union1020"/><ColumnReference Column="Union1021"/><ColumnReference Column="Union1022"/><ColumnReference Column="Union1023"/><ColumnReference Column="Union1024"/><ColumnReference Column="Union1043"/><ColumnReference Database="[RISKWORLD]" Schema="[dbo]" Table="[PositionLegCurrency]" Alias="[plc]" Column="currency"/></OutputList><MemoryFractions Input="0.0893881" Output="0.0893881"/><Hash><DefinedValues/><HashKeysBuild><ColumnReference Database="[RISKWORLD]" Schema="[dbo]" Table="[PositionLegCurrency]" Alias="[plc]" Column="positionUID"/><ColumnReference Database="[RISKWORLD]" Schema="[dbo]" Table="[PositionLegCurrency]" Alias="[plc]" Column="legId"/></HashKeysBuild><HashKeysProbe><ColumnReference Column="Union1016"/><ColumnReference Column="Union1018"/></HashKeysProbe><ProbeResidual><ScalarOperator ScalarString="[Union1016]=[RISKWORLD].[dbo].[PositionLegCurrency].[positionUID] as [plc].[positionUID] AND [Union1018]=[RISKWORLD].[dbo].[PositionLegCurrency].[legId] as [plc].[legId]"><Logical Operation="AND"><ScalarOperator><Compare CompareOp="EQ"><ScalarOperator><Identifier><ColumnReference Column="Union1016"/></Identifier></ScalarOperator><ScalarOperator><Identifier><ColumnReference Database="[RISKWORLD]" Schema="[dbo]" Table="[PositionLegCurrency]" Alias="[plc]" Column="positionUID"/></Identifier></ScalarOperator></Compare></ScalarOperator><ScalarOperator><Compare CompareOp="EQ"><ScalarOperator><Identifier><ColumnReference Column="Union1018"/></Identifier></ScalarOperator><ScalarOperator><Identifier><ColumnReference Database="[RISKWORLD]" Schema="[dbo]" Table="[PositionLegCurrency]" Alias="[plc]" Column="legId"/></Identifier></ScalarOperator></Compare></ScalarOperator></Logical></ScalarOperator></ProbeResidual><RelOp NodeId="2" PhysicalOp="Parallelism" LogicalOp="Repartition Streams" EstimateRows="1377.34" EstimateIO="0" EstimateCPU="0.0315985" AvgRowSize="19" EstimatedTotalSubtreeCost="4.73239" Parallel="1" EstimateRebinds="0" EstimateRewinds="0"><OutputList><ColumnReference Column="Union1043"/><ColumnReference Database="[RISKWORLD]" Schema="[dbo]" Table="[PositionLegCurrency]" Alias="[plc]" Column="positionUID"/><ColumnReference Database="[RISKWORLD]" Schema="[dbo]" Table="[PositionLegCurrency]" Alias="[plc]" Column="legId"/><ColumnReference Database="[RISKWORLD]" Schema="[dbo]" Table="[PositionLegCurrency]" Alias="[plc]" Column="currency"/></OutputList><Parallelism PartitioningType="Hash"><PartitionColumns><ColumnReference Database="[RISKWORLD]" Schema="[dbo]" Table="[PositionLegCurrency]" Alias="[plc]" Column="positionUID"/><ColumnReference Database="[RISKWORLD]" Schema="[dbo]" Table="[PositionLegCurrency]" Alias="[plc]" Column="legId"/></PartitionColumns><RelOp NodeId="3" PhysicalOp="Nested Loops" LogicalOp="Inner Join" EstimateRows="1377.34" EstimateIO="0" EstimateCPU="0.00293861" AvgRowSize="19" EstimatedTotalSubtreeCost="4.70079" Parallel="1" EstimateRebinds="0" EstimateRewinds="0"><OutputList><ColumnReference Column="Union1043"/><ColumnReference Database="[RISKWORLD]" Schema="[dbo]" Table="[PositionLegCurrency]" Alias="[plc]" Column="positionUID"/><ColumnReference Database="[RISKWORLD]" Schema="[dbo]" Table="[PositionLegCurrency]" Alias="[plc]" Column="legId"/><ColumnReference Database="[RISKWORLD]" Schema="[dbo]" Table="[PositionLegCurrency]" Alias="[plc]" Column="currency"/></OutputList><NestedLoops Optimized="1" WithUnorderedPrefetch="1"><OuterReferences><ColumnReference Column="Union1037"/><ColumnReference Column="Expr1071"/></OuterReferences><RelOp NodeId="6" PhysicalOp="Concatenation" LogicalOp="Concatenation" EstimateRows="1406.03" EstimateIO="0" EstimateCPU="7.03017e-005" AvgRowSize="15" EstimatedTotalSubtreeCost="0.105042" Parallel="1" EstimateRebinds="0" EstimateRewinds="0"><OutputList><ColumnReference Column="Union1037"/><ColumnReference Column="Union1043"/></OutputList><Concat><DefinedValues><DefinedValue><ColumnReference Column="Union1037"/><ColumnReference Database="[RISKWORLD]" Schema="[dbo]" Table="[Positions]" Column="positionUID"/><ColumnReference Database="[RISKWORLD_ARCHIVE]" Schema="[dbo]" Table="[Positions]" Column="positionUID"/></DefinedValue><DefinedValue><ColumnReference Column="Union1043"/><ColumnReference Database="[RISKWORLD]" Schema="[dbo]" Table="[Positions]" Column="positionID"/><ColumnReference Database="[RISKWORLD_ARCHIVE]" Schema="[dbo]" Table="[Positions]" Column="positionID"/></DefinedValue></DefinedValues><RelOp NodeId="7" PhysicalOp="Index Seek" LogicalOp="Index Seek" EstimateRows="1405.03" EstimateIO="0.0569471" EstimateCPU="0.0182682" AvgRowSize="19" EstimatedTotalSubtreeCost="0.0752153" Parallel="1" EstimateRebinds="0" EstimateRewinds="0"><OutputList><ColumnReference Database="[RISKWORLD]" Schema="[dbo]" Table="[Positions]" Column="positionUID"/><ColumnReference Database="[RISKWORLD]" Schema="[dbo]" Table="[Positions]" Column="positionID"/><ColumnReference Database="[RISKWORLD]" Schema="[dbo]" Table="[Positions]" Column="simulationID"/></OutputList><IndexScan Ordered="1" ScanDirection="FORWARD" ForcedIndex="0" NoExpandHint="0"><DefinedValues><DefinedValue><ColumnReference Database="[RISKWORLD]" Schema="[dbo]" Table="[Positions]" Column="positionUID"/></DefinedValue><DefinedValue><ColumnReference Database="[RISKWORLD]" Schema="[dbo]" Table="[Positions]" Column="positionID"/></DefinedValue><DefinedValue><ColumnReference Database="[RISKWORLD]" Schema="[dbo]" Table="[Positions]" Column="simulationID"/></DefinedValue></DefinedValues><Object Database="[RISKWORLD]" Schema="[dbo]" Table="[Positions]" Index="[idx_positions1]" TableReferenceId="1"/><SeekPredicates><SeekPredicate><Prefix ScanType="EQ"><RangeColumns><ColumnReference Database="[RISKWORLD]" Schema="[dbo]" Table="[Positions]" Column="simulationID"/></RangeColumns><RangeExpressions><ScalarOperator ScalarString="[@simID]"><Identifier><ColumnReference Column="@simID"/></Identifier></ScalarOperator></RangeExpressions></Prefix></SeekPredicate></SeekPredicates><Predicate><ScalarOperator ScalarString="[RISKWORLD].[dbo].[Positions].[positionID]&gt;=[@startPID] AND [RISKWORLD].[dbo].[Positions].[positionID]&lt;=[@endPID] AND [RISKWORLD].[dbo].[Positions].[simulationID]=[@simID]"><Logical Operation="AND"><ScalarOperator><Compare CompareOp="GE"><ScalarOperator><Identifier><ColumnReference Database="[RISKWORLD]" Schema="[dbo]" Table="[Positions]" Column="positionID"/></Identifier></ScalarOperator><ScalarOperator><Identifier><ColumnReference Column="@startPID"/></Identifier></ScalarOperator></Compare></ScalarOperator><ScalarOperator><Compare CompareOp="LE"><ScalarOperator><Identifier><ColumnReference Database="[RISKWORLD]" Schema="[dbo]" Table="[Positions]" Column="positionID"/></Identifier></ScalarOperator><ScalarOperator><Identifier><ColumnReference Column="@endPID"/></Identifier></ScalarOperator></Compare></ScalarOperator><ScalarOperator><Compare CompareOp="EQ"><ScalarOperator><Identifier><ColumnReference Database="[RISKWORLD]" Schema="[dbo]" Table="[Positions]" Column="simulationID"/></Identifier></ScalarOperator><ScalarOperator><Identifier><ColumnReference Column="@simID"/></Identifier></ScalarOperator></Compare></ScalarOperator></Logical></ScalarOperator></Predicate></IndexScan></RelOp><RelOp NodeId="8" PhysicalOp="Nested Loops" LogicalOp="Left Anti Semi Join" EstimateRows="1" EstimateIO="0" EstimateCPU="3.54407e-005" AvgRowSize="15" EstimatedTotalSubtreeCost="0.0102436" Parallel="1" EstimateRebinds="0" EstimateRewinds="0"><OutputList><ColumnReference Database="[RISKWORLD_ARCHIVE]" Schema="[dbo]" Table="[Positions]" Column="positionUID"/><ColumnReference Database="[RISKWORLD_ARCHIVE]" Schema="[dbo]" Table="[Positions]" Column="positionID"/></OutputList><NestedLoops Optimized="0"><RelOp NodeId="9" PhysicalOp="Index Seek" LogicalOp="Index Seek" EstimateRows="16.9573" EstimateIO="0.00353018" EstimateCPU="0.000460521" AvgRowSize="19" EstimatedTotalSubtreeCost="0.0039907" Parallel="1" EstimateRebinds="0" EstimateRewinds="0"><OutputList><ColumnReference Database="[RISKWORLD_ARCHIVE]" Schema="[dbo]" Table="[Positions]" Column="positionUID"/><ColumnReference Database="[RISKWORLD_ARCHIVE]" Schema="[dbo]" Table="[Positions]" Column="positionID"/><ColumnReference Database="[RISKWORLD_ARCHIVE]" Schema="[dbo]" Table="[Positions]" Column="simulationID"/></OutputList><IndexScan Ordered="1" ScanDirection="FORWARD" ForcedIndex="0" NoExpandHint="0"><DefinedValues><DefinedValue><ColumnReference Database="[RISKWORLD_ARCHIVE]" Schema="[dbo]" Table="[Positions]" Column="positionUID"/></DefinedValue><DefinedValue><ColumnReference Database="[RISKWORLD_ARCHIVE]" Schema="[dbo]" Table="[Positions]" Column="positionID"/></DefinedValue><DefinedValue><ColumnReference Database="[RISKWORLD_ARCHIVE]" Schema="[dbo]" Table="[Positions]" Column="simulationID"/></DefinedValue></DefinedValues><Object Database="[RISKWORLD_ARCHIVE]" Schema="[dbo]" Table="[Positions]" Index="[idx_positions1]"/><SeekPredicates><SeekPredicate><Prefix ScanType="EQ"><RangeColumns><ColumnReference Database="[RISKWORLD_ARCHIVE]" Schema="[dbo]" Table="[Positions]" Column="simulationID"/></RangeColumns><RangeExpressions><ScalarOperator ScalarString="[@simID]"><Identifier><ColumnReference Column="@simID"/></Identifier></ScalarOperator></RangeExpressions></Prefix></SeekPredicate></SeekPredicates><Predicate><ScalarOperator ScalarString="[RISKWORLD_ARCHIVE].[dbo].[Positions].[positionID]&gt;=[@startPID] AND [RISKWORLD_ARCHIVE].[dbo].[Positions].[positionID]&lt;=[@endPID] AND [RISKWORLD_ARCHIVE].[dbo].[Positions].[simulationID]=[@simID]"><Logical Operation="AND"><ScalarOperator><Compare CompareOp="GE"><ScalarOperator><Identifier><ColumnReference Database="[RISKWORLD_ARCHIVE]" Schema="[dbo]" Table="[Positions]" Column="positionID"/></Identifier></ScalarOperator><ScalarOperator><Identifier><ColumnReference Column="@startPID"/></Identifier></ScalarOperator></Compare></ScalarOperator><ScalarOperator><Compare CompareOp="LE"><ScalarOperator><Identifier><ColumnReference Database="[RISKWORLD_ARCHIVE]" Schema="[dbo]" Table="[Positions]" Column="positionID"/></Identifier></ScalarOperator><ScalarOperator><Identifier><ColumnReference Column="@endPID"/></Identifier></ScalarOperator></Compare></ScalarOperator><ScalarOperator><Compare CompareOp="EQ"><ScalarOperator><Identifier><ColumnReference Database="[RISKWORLD_ARCHIVE]" Schema="[dbo]" Table="[Positions]" Column="simulationID"/></Identifier></ScalarOperator><ScalarOperator><Identifier><ColumnReference Column="@simID"/></Identifier></ScalarOperator></Compare></ScalarOperator></Logical></ScalarOperator></Predicate></IndexScan></RelOp><RelOp NodeId="10" PhysicalOp="Top" LogicalOp="Top" EstimateRows="1" EstimateIO="0" EstimateCPU="1e-007" AvgRowSize="9" EstimatedTotalSubtreeCost="0.00580764" Parallel="1" EstimateRebinds="0" EstimateRewinds="15.9573"><OutputList/><Top RowCount="0" IsPercent="0" WithTies="0"><TopExpression><ScalarOperator ScalarString="(1)"><Const ConstValue="(1)"/></ScalarOperator></TopExpression><RelOp NodeId="11" PhysicalOp="Index Seek" LogicalOp="Index Seek" EstimateRows="1" EstimateIO="0.0447691" EstimateCPU="0.0365365" AvgRowSize="9" EstimatedTotalSubtreeCost="0.00580594" Parallel="1" EstimateRebinds="0" EstimateRewinds="15.9573"><OutputList/><IndexScan Ordered="1" ScanDirection="FORWARD" ForcedIndex="0" NoExpandHint="0"><DefinedValues/><Object Database="[RISKWORLD]" Schema="[dbo]" Table="[Positions]" Index="[positions_index1]" TableReferenceId="2"/><SeekPredicates><SeekPredicate><Prefix ScanType="EQ"><RangeColumns><ColumnReference Database="[RISKWORLD]" Schema="[dbo]" Table="[Positions]" Column="simulationID"/></RangeColumns><RangeExpressions><ScalarOperator ScalarString="[@simID]"><Identifier><ColumnReference Column="@simID"/></Identifier></ScalarOperator></RangeExpressions></Prefix></SeekPredicate></SeekPredicates></IndexScan></RelOp></Top></RelOp></NestedLoops></RelOp></Concat></RelOp><RelOp NodeId="13" PhysicalOp="Clustered Index Seek" LogicalOp="Clustered Index Seek" EstimateRows="1" EstimateIO="0.003125" EstimateCPU="0.0001581" AvgRowSize="15" EstimatedTotalSubtreeCost="4.59281" Parallel="1" EstimateRebinds="1405.03" EstimateRewinds="0.000353625"><OutputList><ColumnReference Database="[RISKWORLD]" Schema="[dbo]" Table="[PositionLegCurrency]" Alias="[plc]" Column="positionUID"/><ColumnReference Database="[RISKWORLD]" Schema="[dbo]" Table="[PositionLegCurrency]" Alias="[plc]" Column="legId"/><ColumnReference Database="[RISKWORLD]" Schema="[dbo]" Table="[PositionLegCurrency]" Alias="[plc]" Column="currency"/></OutputList><IndexScan Ordered="1" ScanDirection="FORWARD" ForcedIndex="0" NoExpandHint="0"><DefinedValues><DefinedValue><ColumnReference Database="[RISKWORLD]" Schema="[dbo]" Table="[PositionLegCurrency]" Alias="[plc]" Column="positionUID"/></DefinedValue><DefinedValue><ColumnReference Database="[RISKWORLD]" Schema="[dbo]" Table="[PositionLegCurrency]" Alias="[plc]" Column="legId"/></DefinedValue><DefinedValue><ColumnReference Database="[RISKWORLD]" Schema="[dbo]" Table="[PositionLegCurrency]" Alias="[plc]" Column="currency"/></DefinedValue></DefinedValues><Object Database="[RISKWORLD]" Schema="[dbo]" Table="[PositionLegCurrency]" Index="[PositionLegCurrency_index1]" Alias="[plc]"/><SeekPredicates><SeekPredicate><Prefix ScanType="EQ"><RangeColumns><ColumnReference Database="[RISKWORLD]" Schema="[dbo]" Table="[PositionLegCurrency]" Alias="[plc]" Column="positionUID"/></RangeColumns><RangeExpressions><ScalarOperator ScalarString="[Union1037]"><Identifier><ColumnReference Column="Union1037"/></Identifier></ScalarOperator></RangeExpressions></Prefix></SeekPredicate></SeekPredicates></IndexScan></RelOp></NestedLoops></RelOp></Parallelism></RelOp><RelOp NodeId="14" PhysicalOp="Concatenation" LogicalOp="Concatenation" EstimateRows="59602.8" EstimateIO="0" EstimateCPU="0.00298014" AvgRowSize="1093" EstimatedTotalSubtreeCost="267.854" Parallel="1" EstimateRebinds="0" EstimateRewinds="0"><OutputList><ColumnReference Column="Union1016"/><ColumnReference Column="Union1017"/><ColumnReference Column="Union1018"/><ColumnReference Column="Union1019"/><ColumnReference Column="Union1020"/><ColumnReference Column="Union1021"/><ColumnReference Column="Union1022"/><ColumnReference Column="Union1023"/><ColumnReference Column="Union1024"/></OutputList><Concat><DefinedValues><DefinedValue><ColumnReference Column="Union1016"/><ColumnReference Database="[RISKWORLD]" Schema="[dbo]" Table="[SimResultBase]" Alias="[s]" Column="positionUID"/><ColumnReference Database="[RISKWORLD_ARCHIVE]" Schema="[dbo]" Table="[SimResultBase]" Alias="[s]" Column="positionUID"/></DefinedValue><DefinedValue><ColumnReference Column="Union1017"/><ColumnReference Database="[RISKWORLD]" Schema="[dbo]" Table="[SimResultBase]" Alias="[s]" Column="valueID"/><ColumnReference Database="[RISKWORLD_ARCHIVE]" Schema="[dbo]" Table="[SimResultBase]" Alias="[s]" Column="valueID"/></DefinedValue><DefinedValue><ColumnReference Column="Union1018"/><ColumnReference Database="[RISKWORLD]" Schema="[dbo]" Table="[SimResultBase]" Alias="[s]" Column="legID"/><ColumnReference Database="[RISKWORLD_ARCHIVE]" Schema="[dbo]" Table="[SimResultBase]" Alias="[s]" Column="legID"/></DefinedValue><DefinedValue><ColumnReference Column="Union1019"/><ColumnReference Database="[RISKWORLD]" Schema="[dbo]" Table="[SimResultBase]" Alias="[s]" Column="strategyID"/><ColumnReference Database="[RISKWORLD_ARCHIVE]" Schema="[dbo]" Table="[SimResultBase]" Alias="[s]" Column="strategyID"/></DefinedValue><DefinedValue><ColumnReference Column="Union1020"/><ColumnReference Database="[RISKWORLD]" Schema="[dbo]" Table="[SimResultBase]" Alias="[s]" Column="effectiveDate"/><ColumnReference Database="[RISKWORLD_ARCHIVE]" Schema="[dbo]" Table="[SimResultBase]" Alias="[s]" Column="effectiveDate"/></DefinedValue><DefinedValue><ColumnReference Column="Union1021"/><ColumnReference Database="[RISKWORLD]" Schema="[dbo]" Table="[SimResultBase]" Alias="[s]" Column="valuationDate"/><ColumnReference Database="[RISKWORLD_ARCHIVE]" Schema="[dbo]" Table="[SimResultBase]" Alias="[s]" Column="valuationDate"/></DefinedValue><DefinedValue><ColumnReference Column="Union1022"/><ColumnReference Database="[RISKWORLD]" Schema="[dbo]" Table="[SimResultBase]" Alias="[s]" Column="curveID"/><ColumnReference Database="[RISKWORLD_ARCHIVE]" Schema="[dbo]" Table="[SimResultBase]" Alias="[s]" Column="curveID"/></DefinedValue><DefinedValue><ColumnReference Column="Union1023"/><ColumnReference Database="[RISKWORLD]" Schema="[dbo]" Table="[SimResultBase]" Alias="[s]" Column="maturityPeriod"/><ColumnReference Database="[RISKWORLD_ARCHIVE]" Schema="[dbo]" Table="[SimResultBase]" Alias="[s]" Column="maturityPeriod"/></DefinedValue><DefinedValue><ColumnReference Column="Union1024"/><ColumnReference Database="[RISKWORLD]" Schema="[dbo]" Table="[SimResultBase]" Alias="[s]" Column="ResultValue"/><ColumnReference Database="[RISKWORLD_ARCHIVE]" Schema="[dbo]" Table="[SimResultBase]" Alias="[s]" Column="ResultValue"/></DefinedValue></DefinedValues><RelOp NodeId="15" PhysicalOp="Parallelism" LogicalOp="Repartition Streams" EstimateRows="59601.1" EstimateIO="0" EstimateCPU="0.40316" AvgRowSize="101" EstimatedTotalSubtreeCost="267.62" Parallel="1" EstimateRebinds="0" EstimateRewinds="0"><OutputList><ColumnReference Database="[RISKWORLD]" Schema="[dbo]" Table="[SimResultBase]" Alias="[s]" Column="positionUID"/><ColumnReference Database="[RISKWORLD]" Schema="[dbo]" Table="[SimResultBase]" Alias="[s]" Column="valueID"/><ColumnReference Database="[RISKWORLD]" Schema="[dbo]" Table="[SimResultBase]" Alias="[s]" Column="legID"/><ColumnReference Database="[RISKWORLD]" Schema="[dbo]" Table="[SimResultBase]" Alias="[s]" Column="strategyID"/><ColumnReference Database="[RISKWORLD]" Schema="[dbo]" Table="[SimResultBase]" Alias="[s]" Column="effectiveDate"/><ColumnReference Database="[RISKWORLD]" Schema="[dbo]" Table="[SimResultBase]" Alias="[s]" Column="valuationDate"/><ColumnReference Database="[RISKWORLD]" Schema="[dbo]" Table="[SimResultBase]" Alias="[s]" Column="curveID"/><ColumnReference Database="[RISKWORLD]" Schema="[dbo]" Table="[SimResultBase]" Alias="[s]" Column="maturityPeriod"/><ColumnReference Database="[RISKWORLD]" Schema="[dbo]" Table="[SimResultBase]" Alias="[s]" Column="ResultValue"/></OutputList><Parallelism PartitioningType="Hash"><PartitionColumns><ColumnReference Database="[RISKWORLD]" Schema="[dbo]" Table="[SimResultBase]" Alias="[s]" Column="positionUID"/><ColumnReference Database="[RISKWORLD]" Schema="[dbo]" Table="[SimResultBase]" Alias="[s]" Column="legID"/></PartitionColumns><RelOp NodeId="16" PhysicalOp="Nested Loops" LogicalOp="Inner Join" EstimateRows="59601.1" EstimateIO="0" EstimateCPU="0.124566" AvgRowSize="101" EstimatedTotalSubtreeCost="267.217" Parallel="1" EstimateRebinds="0" EstimateRewinds="0"><OutputList><ColumnReference Database="[RISKWORLD]" Schema="[dbo]" Table="[SimResultBase]" Alias="[s]" Column="positionUID"/><ColumnReference Database="[RISKWORLD]" Schema="[dbo]" Table="[SimResultBase]" Alias="[s]" Column="valueID"/><ColumnReference Database="[RISKWORLD]" Schema="[dbo]" Table="[SimResultBase]" Alias="[s]" Column="legID"/><ColumnReference Database="[RISKWORLD]" Schema="[dbo]" Table="[SimResultBase]" Alias="[s]" Column="strategyID"/><ColumnReference Database="[RISKWORLD]" Schema="[dbo]" Table="[SimResultBase]" Alias="[s]" Column="effectiveDate"/><ColumnReference Database="[RISKWORLD]" Schema="[dbo]" Table="[SimResultBase]" Alias="[s]" Column="valuationDate"/><ColumnReference Database="[RISKWORLD]" Schema="[dbo]" Table="[SimResultBase]" Alias="[s]" Column="curveID"/><ColumnReference Database="[RISKWORLD]" Schema="[dbo]" Table="[SimResultBase]" Alias="[s]" Column="maturityPeriod"/><ColumnReference Database="[RISKWORLD]" Schema="[dbo]" Table="[SimResultBase]" Alias="[s]" Column="ResultValue"/></OutputList><NestedLoops Optimized="1" WithUnorderedPrefetch="1"><OuterReferences><ColumnReference Column="Uniq1004"/><ColumnReference Database="[RISKWORLD]" Schema="[dbo]" Table="[SimResultBase]" Alias="[s]" Column="positionUID"/><ColumnReference Column="Expr1073"/></OuterReferences><RelOp NodeId="19" PhysicalOp="Nested Loops" LogicalOp="Inner Join" EstimateRows="59601.1" EstimateIO="0" EstimateCPU="0.124566" AvgRowSize="53" EstimatedTotalSubtreeCost="82.8274" Parallel="1" EstimateRebinds="0" EstimateRewinds="0"><OutputList><ColumnReference Column="Uniq1004"/><ColumnReference Database="[RISKWORLD]" Schema="[dbo]" Table="[SimResultBase]" Alias="[s]" Column="positionUID"/><ColumnReference Database="[RISKWORLD]" Schema="[dbo]" Table="[SimResultBase]" Alias="[s]" Column="valueID"/><ColumnReference Database="[RISKWORLD]" Schema="[dbo]" Table="[SimResultBase]" Alias="[s]" Column="legID"/><ColumnReference Database="[RISKWORLD]" Schema="[dbo]" Table="[SimResultBase]" Alias="[s]" Column="strategyID"/><ColumnReference Database="[RISKWORLD]" Schema="[dbo]" Table="[SimResultBase]" Alias="[s]" Column="effectiveDate"/><ColumnReference Database="[RISKWORLD]" Schema="[dbo]" Table="[SimResultBase]" Alias="[s]" Column="valuationDate"/><ColumnReference Database="[RISKWORLD]" Schema="[dbo]" Table="[SimResultBase]" Alias="[s]" Column="curveID"/><ColumnReference Database="[RISKWORLD]" Schema="[dbo]" Table="[SimResultBase]" Alias="[s]" Column="maturityPeriod"/></OutputList><NestedLoops Optimized="1" WithUnorderedPrefetch="1"><OuterReferences><ColumnReference Database="[RISKWORLD]" Schema="[dbo]" Table="[Positions]" Alias="[p]" Column="positionUID"/><ColumnReference Column="Expr1072"/></OuterReferences><RelOp NodeId="22" PhysicalOp="Index Seek" LogicalOp="Index Seek" EstimateRows="33072.2" EstimateIO="0.0447691" EstimateCPU="0.0182682" AvgRowSize="11" EstimatedTotalSubtreeCost="0.0630373" Parallel="1" EstimateRebinds="0" EstimateRewinds="0"><OutputList><ColumnReference Database="[RISKWORLD]" Schema="[dbo]" Table="[Positions]" Alias="[p]" Column="positionUID"/></OutputList><IndexScan Ordered="1" ScanDirection="FORWARD" ForcedIndex="0" NoExpandHint="0"><DefinedValues><DefinedValue><ColumnReference Database="[RISKWORLD]" Schema="[dbo]" Table="[Positions]" Alias="[p]" Column="positionUID"/></DefinedValue></DefinedValues><Object Database="[RISKWORLD]" Schema="[dbo]" Table="[Positions]" Index="[positions_index1]" Alias="[p]" TableReferenceId="1"/><SeekPredicates><SeekPredicate><Prefix ScanType="EQ"><RangeColumns><ColumnReference Database="[RISKWORLD]" Schema="[dbo]" Table="[Positions]" Alias="[p]" Column="simulationID"/></RangeColumns><RangeExpressions><ScalarOperator ScalarString="[@simID]"><Identifier><ColumnReference Column="@simID"/></Identifier></ScalarOperator></RangeExpressions></Prefix></SeekPredicate></SeekPredicates></IndexScan></RelOp><RelOp NodeId="23" PhysicalOp="Index Seek" LogicalOp="Index Seek" EstimateRows="1.80215" EstimateIO="0.003125" EstimateCPU="0.000158982" AvgRowSize="49" EstimatedTotalSubtreeCost="82.6398" Parallel="1" EstimateRebinds="33071.2" EstimateRewinds="0"><OutputList><ColumnReference Column="Uniq1004"/><ColumnReference Database="[RISKWORLD]" Schema="[dbo]" Table="[SimResultBase]" Alias="[s]" Column="positionUID"/><ColumnReference Database="[RISKWORLD]" Schema="[dbo]" Table="[SimResultBase]" Alias="[s]" Column="valueID"/><ColumnReference Database="[RISKWORLD]" Schema="[dbo]" Table="[SimResultBase]" Alias="[s]" Column="legID"/><ColumnReference Database="[RISKWORLD]" Schema="[dbo]" Table="[SimResultBase]" Alias="[s]" Column="strategyID"/><ColumnReference Database="[RISKWORLD]" Schema="[dbo]" Table="[SimResultBase]" Alias="[s]" Column="effectiveDate"/><ColumnReference Database="[RISKWORLD]" Schema="[dbo]" Table="[SimResultBase]" Alias="[s]" Column="valuationDate"/><ColumnReference Database="[RISKWORLD]" Schema="[dbo]" Table="[SimResultBase]" Alias="[s]" Column="curveID"/><ColumnReference Database="[RISKWORLD]" Schema="[dbo]" Table="[SimResultBase]" Alias="[s]" Column="maturityPeriod"/></OutputList><IndexScan Ordered="1" ScanDirection="FORWARD" ForcedIndex="1" NoExpandHint="0"><DefinedValues><DefinedValue><ColumnReference Column="Uniq1004"/></DefinedValue><DefinedValue><ColumnReference Database="[RISKWORLD]" Schema="[dbo]" Table="[SimResultBase]" Alias="[s]" Column="positionUID"/></DefinedValue><DefinedValue><ColumnReference Database="[RISKWORLD]" Schema="[dbo]" Table="[SimResultBase]" Alias="[s]" Column="valueID"/></DefinedValue><DefinedValue><ColumnReference Database="[RISKWORLD]" Schema="[dbo]" Table="[SimResultBase]" Alias="[s]" Column="legID"/></DefinedValue><DefinedValue><ColumnReference Database="[RISKWORLD]" Schema="[dbo]" Table="[SimResultBase]" Alias="[s]" Column="strategyID"/></DefinedValue><DefinedValue><ColumnReference Database="[RISKWORLD]" Schema="[dbo]" Table="[SimResultBase]" Alias="[s]" Column="effectiveDate"/></DefinedValue><DefinedValue><ColumnReference Database="[RISKWORLD]" Schema="[dbo]" Table="[SimResultBase]" Alias="[s]" Column="valuationDate"/></DefinedValue><DefinedValue><ColumnReference Database="[RISKWORLD]" Schema="[dbo]" Table="[SimResultBase]" Alias="[s]" Column="curveID"/></DefinedValue><DefinedValue><ColumnReference Database="[RISKWORLD]" Schema="[dbo]" Table="[SimResultBase]" Alias="[s]" Column="maturityPeriod"/></DefinedValue></DefinedValues><Object Database="[RISKWORLD]" Schema="[dbo]" Table="[SimResultBase]" Index="[UXSimResult]" Alias="[s]" TableReferenceId="1"/><SeekPredicates><SeekPredicate><Prefix ScanType="EQ"><RangeColumns><ColumnReference Database="[RISKWORLD]" Schema="[dbo]" Table="[SimResultBase]" Alias="[s]" Column="positionUID"/><ColumnReference Database="[RISKWORLD]" Schema="[dbo]" Table="[SimResultBase]" Alias="[s]" Column="valueID"/></RangeColumns><RangeExpressions><ScalarOperator ScalarString="[RISKWORLD].[dbo].[Positions].[positionUID] as [p].[positionUID]"><Identifier><ColumnReference Database="[RISKWORLD]" Schema="[dbo]" Table="[Positions]" Alias="[p]" Column="positionUID"/></Identifier></ScalarOperator><ScalarOperator ScalarString="[@resultID]"><Identifier><ColumnReference Column="@resultID"/></Identifier></ScalarOperator></RangeExpressions></Prefix></SeekPredicate></SeekPredicates></IndexScan></RelOp></NestedLoops></RelOp><RelOp NodeId="25" PhysicalOp="Clustered Index Seek" LogicalOp="Clustered Index Seek" EstimateRows="1" EstimateIO="0.003125" EstimateCPU="0.0001581" AvgRowSize="63" EstimatedTotalSubtreeCost="184.265" Parallel="1" EstimateRebinds="59600.1" EstimateRewinds="0"><OutputList><ColumnReference Database="[RISKWORLD]" Schema="[dbo]" Table="[SimResultBase]" Alias="[s]" Column="ResultValue"/></OutputList><IndexScan Lookup="1" Ordered="1" ScanDirection="FORWARD" ForcedIndex="1" NoExpandHint="0"><DefinedValues><DefinedValue><ColumnReference Database="[RISKWORLD]" Schema="[dbo]" Table="[SimResultBase]" Alias="[s]" Column="ResultValue"/></DefinedValue></DefinedValues><Object Database="[RISKWORLD]" Schema="[dbo]" Table="[SimResultBase]" Index="[idx_Simresultbase]" Alias="[s]" TableReferenceId="-1"/><SeekPredicates><SeekPredicate><Prefix ScanType="EQ"><RangeColumns><ColumnReference Database="[RISKWORLD]" Schema="[dbo]" Table="[SimResultBase]" Alias="[s]" Column="positionUID"/><ColumnReference Column="Uniq1004"/></RangeColumns><RangeExpressions><ScalarOperator ScalarString="[RISKWORLD].[dbo].[SimResultBase].[positionUID] as [s].[positionUID]"><Identifier><ColumnReference Database="[RISKWORLD]" Schema="[dbo]" Table="[SimResultBase]" Alias="[s]" Column="positionUID"/></Identifier></ScalarOperator><ScalarOperator ScalarString="[Uniq1004]"><Identifier><ColumnReference Column="Uniq1004"/></Identifier></ScalarOperator></RangeExpressions></Prefix></SeekPredicate></SeekPredicates></IndexScan></RelOp></NestedLoops></RelOp></Parallelism></RelOp><RelOp NodeId="29" PhysicalOp="Parallelism" LogicalOp="Repartition Streams" EstimateRows="1.63483" EstimateIO="0" EstimateCPU="0.0285126" AvgRowSize="101" EstimatedTotalSubtreeCost="0.230501" Parallel="1" EstimateRebinds="0" EstimateRewinds="0"><OutputList><ColumnReference Database="[RISKWORLD_ARCHIVE]" Schema="[dbo]" Table="[SimResultBase]" Alias="[s]" Column="positionUID"/><ColumnReference Database="[RISKWORLD_ARCHIVE]" Schema="[dbo]" Table="[SimResultBase]" Alias="[s]" Column="valueID"/><ColumnReference Database="[RISKWORLD_ARCHIVE]" Schema="[dbo]" Table="[SimResultBase]" Alias="[s]" Column="legID"/><ColumnReference Database="[RISKWORLD_ARCHIVE]" Schema="[dbo]" Table="[SimResultBase]" Alias="[s]" Column="strategyID"/><ColumnReference Database="[RISKWORLD_ARCHIVE]" Schema="[dbo]" Table="[SimResultBase]" Alias="[s]" Column="effectiveDate"/><ColumnReference Database="[RISKWORLD_ARCHIVE]" Schema="[dbo]" Table="[SimResultBase]" Alias="[s]" Column="valuationDate"/><ColumnReference Database="[RISKWORLD_ARCHIVE]" Schema="[dbo]" Table="[SimResultBase]" Alias="[s]" Column="curveID"/><ColumnReference Database="[RISKWORLD_ARCHIVE]" Schema="[dbo]" Table="[SimResultBase]" Alias="[s]" Column="maturityPeriod"/><ColumnReference Database="[RISKWORLD_ARCHIVE]" Schema="[dbo]" Table="[SimResultBase]" Alias="[s]" Column="ResultValue"/></OutputList><Parallelism PartitioningType="Hash"><PartitionColumns><ColumnReference Database="[RISKWORLD_ARCHIVE]" Schema="[dbo]" Table="[SimResultBase]" Alias="[s]" Column="positionUID"/><ColumnReference Database="[RISKWORLD_ARCHIVE]" Schema="[dbo]" Table="[SimResultBase]" Alias="[s]" Column="legID"/></PartitionColumns><RelOp NodeId="30" PhysicalOp="Nested Loops" LogicalOp="Inner Join" EstimateRows="1.63483" EstimateIO="0" EstimateCPU="3.41679e-006" AvgRowSize="101" EstimatedTotalSubtreeCost="0.201989" Parallel="1" EstimateRebinds="0" EstimateRewinds="0"><OutputList><ColumnReference Database="[RISKWORLD_ARCHIVE]" Schema="[dbo]" Table="[SimResultBase]" Alias="[s]" Column="positionUID"/><ColumnReference Database="[RISKWORLD_ARCHIVE]" Schema="[dbo]" Table="[SimResultBase]" Alias="[s]" Column="valueID"/><ColumnReference Database="[RISKWORLD_ARCHIVE]" Schema="[dbo]" Table="[SimResultBase]" Alias="[s]" Column="legID"/><ColumnReference Database="[RISKWORLD_ARCHIVE]" Schema="[dbo]" Table="[SimResultBase]" Alias="[s]" Column="strategyID"/><ColumnReference Database="[RISKWORLD_ARCHIVE]" Schema="[dbo]" Table="[SimResultBase]" Alias="[s]" Column="effectiveDate"/><ColumnReference Database="[RISKWORLD_ARCHIVE]" Schema="[dbo]" Table="[SimResultBase]" Alias="[s]" Column="valuationDate"/><ColumnReference Database="[RISKWORLD_ARCHIVE]" Schema="[dbo]" Table="[SimResultBase]" Alias="[s]" Column="curveID"/><ColumnReference Database="[RISKWORLD_ARCHIVE]" Schema="[dbo]" Table="[SimResultBase]" Alias="[s]" Column="maturityPeriod"/><ColumnReference Database="[RISKWORLD_ARCHIVE]" Schema="[dbo]" Table="[SimResultBase]" Alias="[s]" Column="ResultValue"/></OutputList><NestedLoops Optimized="1"><OuterReferences><ColumnReference Column="Uniq1009"/><ColumnReference Database="[RISKWORLD_ARCHIVE]" Schema="[dbo]" Table="[SimResultBase]" Alias="[s]" Column="positionUID"/></OuterReferences><RelOp NodeId="32" PhysicalOp="Nested Loops" LogicalOp="Inner Join" EstimateRows="1.63483" EstimateIO="0" EstimateCPU="3.99757e-006" AvgRowSize="49" EstimatedTotalSubtreeCost="0.197706" Parallel="1" EstimateRebinds="0" EstimateRewinds="0"><OutputList><ColumnReference Column="Uniq1009"/><ColumnReference Database="[RISKWORLD_ARCHIVE]" Schema="[dbo]" Table="[SimResultBase]" Alias="[s]" Column="positionUID"/><ColumnReference Database="[RISKWORLD_ARCHIVE]" Schema="[dbo]" Table="[SimResultBase]" Alias="[s]" Column="valueID"/><ColumnReference Database="[RISKWORLD_ARCHIVE]" Schema="[dbo]" Table="[SimResultBase]" Alias="[s]" Column="legID"/><ColumnReference Database="[RISKWORLD_ARCHIVE]" Schema="[dbo]" Table="[SimResultBase]" Alias="[s]" Column="strategyID"/><ColumnReference Database="[RISKWORLD_ARCHIVE]" Schema="[dbo]" Table="[SimResultBase]" Alias="[s]" Column="effectiveDate"/><ColumnReference Database="[RISKWORLD_ARCHIVE]" Schema="[dbo]" Table="[SimResultBase]" Alias="[s]" Column="valuationDate"/><ColumnReference Database="[RISKWORLD_ARCHIVE]" Schema="[dbo]" Table="[SimResultBase]" Alias="[s]" Column="curveID"/><ColumnReference Database="[RISKWORLD_ARCHIVE]" Schema="[dbo]" Table="[SimResultBase]" Alias="[s]" Column="maturityPeriod"/></OutputList><NestedLoops Optimized="1"><OuterReferences><ColumnReference Database="[RISKWORLD_ARCHIVE]" Schema="[dbo]" Table="[Positions]" Alias="[p]" Column="positionUID"/></OuterReferences><RelOp NodeId="34" PhysicalOp="Nested Loops" LogicalOp="Left Anti Semi Join" EstimateRows="1" EstimateIO="0" EstimateCPU="0.00145168" AvgRowSize="11" EstimatedTotalSubtreeCost="0.194418" Parallel="1" EstimateRebinds="0" EstimateRewinds="0"><OutputList><ColumnReference Database="[RISKWORLD_ARCHIVE]" Schema="[dbo]" Table="[Positions]" Alias="[p]" Column="positionUID"/></OutputList><NestedLoops Optimized="0"><RelOp NodeId="35" PhysicalOp="Index Seek" LogicalOp="Index Seek" EstimateRows="694.583" EstimateIO="0.00353018" EstimateCPU="0.000460521" AvgRowSize="11" EstimatedTotalSubtreeCost="0.0039907" Parallel="1" EstimateRebinds="0" EstimateRewinds="0"><OutputList><ColumnReference Database="[RISKWORLD_ARCHIVE]" Schema="[dbo]" Table="[Positions]" Alias="[p]" Column="positionUID"/></OutputList><IndexScan Ordered="1" ScanDirection="FORWARD" ForcedIndex="0" NoExpandHint="0"><DefinedValues><DefinedValue><ColumnReference Database="[RISKWORLD_ARCHIVE]" Schema="[dbo]" Table="[Positions]" Alias="[p]" Column="positionUID"/></DefinedValue></DefinedValues><Object Database="[RISKWORLD_ARCHIVE]" Schema="[dbo]" Table="[Positions]" Index="[IDX_Positions_simstatus]" Alias="[p]"/><SeekPredicates><SeekPredicate><Prefix ScanType="EQ"><RangeColumns><ColumnReference Database="[RISKWORLD_ARCHIVE]" Schema="[dbo]" Table="[Positions]" Alias="[p]" Column="simulationID"/></RangeColumns><RangeExpressions><ScalarOperator ScalarString="[@simID]"><Identifier><ColumnReference Column="@simID"/></Identifier></ScalarOperator></RangeExpressions></Prefix></SeekPredicate></SeekPredicates></IndexScan></RelOp><RelOp NodeId="36" PhysicalOp="Index Spool" LogicalOp="Lazy Spool" EstimateRows="1" EstimateIO="0.003125" EstimateCPU="0.0002581" AvgRowSize="9" EstimatedTotalSubtreeCost="0.188976" Parallel="1" EstimateRebinds="0" EstimateRewinds="693.583"><OutputList/><Spool><SeekPredicate><Prefix ScanType="EQ"><RangeColumns><ColumnReference Column="@simID"/></RangeColumns><RangeExpressions><ScalarOperator ScalarString="[@simID]"><Identifier><ColumnReference Column="@simID"/></Identifier></ScalarOperator></RangeExpressions></Prefix></SeekPredicate><RelOp NodeId="37" PhysicalOp="Top" LogicalOp="Top" EstimateRows="1" EstimateIO="0" EstimateCPU="1e-007" AvgRowSize="9" EstimatedTotalSubtreeCost="0.00657889" Parallel="1" EstimateRebinds="0" EstimateRewinds="0"><OutputList/><Top RowCount="0" IsPercent="0" WithTies="0"><TopExpression><ScalarOperator ScalarString="(1)"><Const ConstValue="(1)"/></ScalarOperator></TopExpression><RelOp NodeId="38" PhysicalOp="Nested Loops" LogicalOp="Inner Join" EstimateRows="1" EstimateIO="0" EstimateCPU="2.96823" AvgRowSize="9" EstimatedTotalSubtreeCost="0.00657879" Parallel="1" EstimateRebinds="0" EstimateRewinds="0"><OutputList/><NestedLoops Optimized="0" WithUnorderedPrefetch="1"><OuterReferences><ColumnReference Database="[RISKWORLD]" Schema="[dbo]" Table="[Positions]" Alias="[p]" Column="positionUID"/><ColumnReference Column="Expr1074"/></OuterReferences><RelOp NodeId="40" PhysicalOp="Index Seek" LogicalOp="Index Seek" EstimateRows="1" EstimateIO="0.0447691" EstimateCPU="0.0365365" AvgRowSize="11" EstimatedTotalSubtreeCost="0.0032831" Parallel="1" EstimateRebinds="0" EstimateRewinds="0"><OutputList><ColumnReference Database="[RISKWORLD]" Schema="[dbo]" Table="[Positions]" Alias="[p]" Column="positionUID"/></OutputList><IndexScan Ordered="1" ScanDirection="FORWARD" ForcedIndex="0" NoExpandHint="0"><DefinedValues><DefinedValue><ColumnReference Database="[RISKWORLD]" Schema="[dbo]" Table="[Positions]" Alias="[p]" Column="positionUID"/></DefinedValue></DefinedValues><Object Database="[RISKWORLD]" Schema="[dbo]" Table="[Positions]" Index="[positions_index1]" Alias="[p]" TableReferenceId="2"/><SeekPredicates><SeekPredicate><Prefix ScanType="EQ"><RangeColumns><ColumnReference Database="[RISKWORLD]" Schema="[dbo]" Table="[Positions]" Alias="[p]" Column="simulationID"/></RangeColumns><RangeExpressions><ScalarOperator ScalarString="[@simID]"><Identifier><ColumnReference Column="@simID"/></Identifier></ScalarOperator></RangeExpressions></Prefix></SeekPredicate></SeekPredicates></IndexScan></RelOp><RelOp NodeId="41" PhysicalOp="Index Seek" LogicalOp="Index Seek" EstimateRows="1" EstimateIO="0.003125" EstimateCPU="0.000180618" AvgRowSize="9" EstimatedTotalSubtreeCost="0.0034412" Parallel="1" EstimateRebinds="1" EstimateRewinds="0"><OutputList/><IndexScan Ordered="1" ScanDirection="FORWARD" ForcedIndex="1" NoExpandHint="0"><DefinedValues/><Object Database="[RISKWORLD]" Schema="[dbo]" Table="[SimResultBase]" Index="[UXSimResult]" Alias="[s]" TableReferenceId="2"/><SeekPredicates><SeekPredicate><Prefix ScanType="EQ"><RangeColumns><ColumnReference Database="[RISKWORLD]" Schema="[dbo]" Table="[SimResultBase]" Alias="[s]" Column="positionUID"/></RangeColumns><RangeExpressions><ScalarOperator ScalarString="[RISKWORLD].[dbo].[Positions].[positionUID] as [p].[positionUID]"><Identifier><ColumnReference Database="[RISKWORLD]" Schema="[dbo]" Table="[Positions]" Alias="[p]" Column="positionUID"/></Identifier></ScalarOperator></RangeExpressions></Prefix></SeekPredicate></SeekPredicates></IndexScan></RelOp></NestedLoops></RelOp></Top></RelOp></Spool></RelOp></NestedLoops></RelOp><RelOp NodeId="43" PhysicalOp="Index Seek" LogicalOp="Index Seek" EstimateRows="1.91271" EstimateIO="0.003125" EstimateCPU="0.000159104" AvgRowSize="49" EstimatedTotalSubtreeCost="0.0032841" Parallel="1" EstimateRebinds="0" EstimateRewinds="0"><OutputList><ColumnReference Column="Uniq1009"/><ColumnReference Database="[RISKWORLD_ARCHIVE]" Schema="[dbo]" Table="[SimResultBase]" Alias="[s]" Column="positionUID"/><ColumnReference Database="[RISKWORLD_ARCHIVE]" Schema="[dbo]" Table="[SimResultBase]" Alias="[s]" Column="valueID"/><ColumnReference Database="[RISKWORLD_ARCHIVE]" Schema="[dbo]" Table="[SimResultBase]" Alias="[s]" Column="legID"/><ColumnReference Database="[RISKWORLD_ARCHIVE]" Schema="[dbo]" Table="[SimResultBase]" Alias="[s]" Column="strategyID"/><ColumnReference Database="[RISKWORLD_ARCHIVE]" Schema="[dbo]" Table="[SimResultBase]" Alias="[s]" Column="effectiveDate"/><ColumnReference Database="[RISKWORLD_ARCHIVE]" Schema="[dbo]" Table="[SimResultBase]" Alias="[s]" Column="valuationDate"/><ColumnReference Database="[RISKWORLD_ARCHIVE]" Schema="[dbo]" Table="[SimResultBase]" Alias="[s]" Column="curveID"/><ColumnReference Database="[RISKWORLD_ARCHIVE]" Schema="[dbo]" Table="[SimResultBase]" Alias="[s]" Column="maturityPeriod"/></OutputList><IndexScan Ordered="1" ScanDirection="FORWARD" ForcedIndex="1" NoExpandHint="0"><DefinedValues><DefinedValue><ColumnReference Column="Uniq1009"/></DefinedValue><DefinedValue><ColumnReference Database="[RISKWORLD_ARCHIVE]" Schema="[dbo]" Table="[SimResultBase]" Alias="[s]" Column="positionUID"/></DefinedValue><DefinedValue><ColumnReference Database="[RISKWORLD_ARCHIVE]" Schema="[dbo]" Table="[SimResultBase]" Alias="[s]" Column="valueID"/></DefinedValue><DefinedValue><ColumnReference Database="[RISKWORLD_ARCHIVE]" Schema="[dbo]" Table="[SimResultBase]" Alias="[s]" Column="legID"/></DefinedValue><DefinedValue><ColumnReference Database="[RISKWORLD_ARCHIVE]" Schema="[dbo]" Table="[SimResultBase]" Alias="[s]" Column="strategyID"/></DefinedValue><DefinedValue><ColumnReference Database="[RISKWORLD_ARCHIVE]" Schema="[dbo]" Table="[SimResultBase]" Alias="[s]" Column="effectiveDate"/></DefinedValue><DefinedValue><ColumnReference Database="[RISKWORLD_ARCHIVE]" Schema="[dbo]" Table="[SimResultBase]" Alias="[s]" Column="valuationDate"/></DefinedValue><DefinedValue><ColumnReference Database="[RISKWORLD_ARCHIVE]" Schema="[dbo]" Table="[SimResultBase]" Alias="[s]" Column="curveID"/></DefinedValue><DefinedValue><ColumnReference Database="[RISKWORLD_ARCHIVE]" Schema="[dbo]" Table="[SimResultBase]" Alias="[s]" Column="maturityPeriod"/></DefinedValue></DefinedValues><Object Database="[RISKWORLD_ARCHIVE]" Schema="[dbo]" Table="[SimResultBase]" Index="[UXSimResult]" Alias="[s]"/><SeekPredicates><SeekPredicate><Prefix ScanType="EQ"><RangeColumns><ColumnReference Database="[RISKWORLD_ARCHIVE]" Schema="[dbo]" Table="[SimResultBase]" Alias="[s]" Column="positionUID"/><ColumnReference Database="[RISKWORLD_ARCHIVE]" Schema="[dbo]" Table="[SimResultBase]" Alias="[s]" Column="valueID"/></RangeColumns><RangeExpressions><ScalarOperator ScalarString="[RISKWORLD_ARCHIVE].[dbo].[Positions].[positionUID] as [p].[positionUID]"><Identifier><ColumnReference Database="[RISKWORLD_ARCHIVE]" Schema="[dbo]" Table="[Positions]" Alias="[p]" Column="positionUID"/></Identifier></ScalarOperator><ScalarOperator ScalarString="[@resultID]"><Identifier><ColumnReference Column="@resultID"/></Identifier></ScalarOperator></RangeExpressions></Prefix></SeekPredicate></SeekPredicates></IndexScan></RelOp></NestedLoops></RelOp><RelOp NodeId="45" PhysicalOp="Clustered Index Seek" LogicalOp="Clustered Index Seek" EstimateRows="1" EstimateIO="0.003125" EstimateCPU="0.0001581" AvgRowSize="63" EstimatedTotalSubtreeCost="0.00427911" Parallel="1" EstimateRebinds="0.63483" EstimateRewinds="0"><OutputList><ColumnReference Database="[RISKWORLD_ARCHIVE]" Schema="[dbo]" Table="[SimResultBase]" Alias="[s]" Column="ResultValue"/></OutputList><IndexScan Lookup="1" Ordered="1" ScanDirection="FORWARD" ForcedIndex="1" NoExpandHint="0"><DefinedValues><DefinedValue><ColumnReference Database="[RISKWORLD_ARCHIVE]" Schema="[dbo]" Table="[SimResultBase]" Alias="[s]" Column="ResultValue"/></DefinedValue></DefinedValues><Object Database="[RISKWORLD_ARCHIVE]" Schema="[dbo]" Table="[SimResultBase]" Index="[idx_Simresultbase]" Alias="[s]" TableReferenceId="-1"/><SeekPredicates><SeekPredicate><Prefix ScanType="EQ"><RangeColumns><ColumnReference Database="[RISKWORLD_ARCHIVE]" Schema="[dbo]" Table="[SimResultBase]" Alias="[s]" Column="positionUID"/><ColumnReference Column="Uniq1009"/></RangeColumns><RangeExpressions><ScalarOperator ScalarString="[RISKWORLD_ARCHIVE].[dbo].[SimResultBase].[positionUID] as [s].[positionUID]"><Identifier><ColumnReference Database="[RISKWORLD_ARCHIVE]" Schema="[dbo]" Table="[SimResultBase]" Alias="[s]" Column="positionUID"/></Identifier></ScalarOperator><ScalarOperator ScalarString="[Uniq1009]"><Identifier><ColumnReference Column="Uniq1009"/></Identifier></ScalarOperator></RangeExpressions></Prefix></SeekPredicate></SeekPredicates></IndexScan></RelOp></NestedLoops></RelOp></Parallelism></RelOp></Concat></RelOp></Hash></RelOp></Parallelism></RelOp><ParameterList><ColumnReference Column="@resultID" ParameterCompiledValue="(1)"/><ColumnReference Column="@endPID" ParameterCompiledValue="(33317)"/><ColumnReference Column="@startPID" ParameterCompiledValue="(30001)"/><ColumnReference Column="@simID" ParameterCompiledValue="(90532)"/></ParameterList></QueryPlan></StmtSimple></Statements></Batch></BatchSequence></ShowPlanXML>